# JRE version: OpenJDK Runtime Environment Temurin-17.0.7+7 (17.0.7+7) (build 17.0.7+7)
# Java VM: OpenJDK 64-Bit Server VM Temurin-17.0.7+7 (17.0.7+7, mixed mode, tiered, compressed oops, compressed class ptrs, parallel gc, windows-amd64)
GC Precious Log:
 CPUs: 6 total, 6 available
 Memory: 7579M
 Large Page Support: Disabled
 NUMA Support: Disabled
 Compressed Oops: Enabled (32-bit)
 Alignments: Space 512K, Generation 512K, Heap 2M
 Heap Min Capacity: 100M
 Heap Initial Capacity: 100M
 Heap Max Capacity: 1G
 Pre-touch: Disabled
 Parallel Workers: 6
Heap:
 PSYoungGen      total 52224K, used 14332K [0x00000000eab00000, 0x00000000f0780000, 0x0000000100000000)
  eden space 37888K, 0% used [0x00000000eab00000,0x00000000eab00000,0x00000000ed000000)
  from space 14336K, 99% used [0x00000000ed000000,0x00000000eddff230,0x00000000ede00000)
  to   space 27136K, 0% used [0x00000000eed00000,0x00000000eed00000,0x00000000f0780000)
 ParOldGen       total 267264K, used 261174K [0x00000000c0000000, 0x00000000d0500000, 0x00000000eab00000)
  object space 267264K, 97% used [0x00000000c0000000,0x00000000cff0d8b8,0x00000000d0500000)
 Metaspace       used 75817K, committed 76736K, reserved 1179648K
  class space    used 7980K, committed 8384K, reserved 1048576K
GC Heap History (20 events):
Event: 409.943 GC heap after
{Heap after GC invocations=137 (full 9):
 PSYoungGen      total 27648K, used 4613K [0x00000000eab00000, 0x00000000ecc80000, 0x0000000100000000)
  eden space 22528K, 0% used [0x00000000eab00000,0x00000000eab00000,0x00000000ec100000)
  from space 5120K, 90% used [0x00000000ec600000,0x00000000eca817d8,0x00000000ecb00000)
  to   space 5120K, 0% used [0x00000000ec100000,0x00000000ec100000,0x00000000ec600000)
 ParOldGen       total 267264K, used 214751K [0x00000000c0000000, 0x00000000d0500000, 0x00000000eab00000)
  object space 267264K, 80% used [0x00000000c0000000,0x00000000cd1b7e10,0x00000000d0500000)
 Metaspace       used 74387K, committed 75392K, reserved 1179648K
  class space    used 7780K, committed 8192K, reserved 1048576K
}
Event: 410.006 GC heap before
{Heap before GC invocations=138 (full 9):
 PSYoungGen      total 27648K, used 27141K [0x00000000eab00000, 0x00000000ecc80000, 0x0000000100000000)
  eden space 22528K, 100% used [0x00000000eab00000,0x00000000ec100000,0x00000000ec100000)
  from space 5120K, 90% used [0x00000000ec600000,0x00000000eca817d8,0x00000000ecb00000)
  to   space 5120K, 0% used [0x00000000ec100000,0x00000000ec100000,0x00000000ec600000)
 ParOldGen       total 267264K, used 214751K [0x00000000c0000000, 0x00000000d0500000, 0x00000000eab00000)
  object space 267264K, 80% used [0x00000000c0000000,0x00000000cd1b7e10,0x00000000d0500000)
 Metaspace       used 74732K, committed 75712K, reserved 1179648K
  class space    used 7834K, committed 8256K, reserved 1048576K
}
Event: 410.012 GC heap after
{Heap after GC invocations=138 (full 9):
 PSYoungGen      total 27648K, used 5111K [0x00000000eab00000, 0x00000000ed500000, 0x0000000100000000)
  eden space 22528K, 0% used [0x00000000eab00000,0x00000000eab00000,0x00000000ec100000)
  from space 5120K, 99% used [0x00000000ec100000,0x00000000ec5fdf40,0x00000000ec600000)
  to   space 9216K, 0% used [0x00000000ecc00000,0x00000000ecc00000,0x00000000ed500000)
 ParOldGen       total 267264K, used 218067K [0x00000000c0000000, 0x00000000d0500000, 0x00000000eab00000)
  object space 267264K, 81% used [0x00000000c0000000,0x00000000cd4f4ce0,0x00000000d0500000)
 Metaspace       used 74732K, committed 75712K, reserved 1179648K
  class space    used 7834K, committed 8256K, reserved 1048576K
}
Event: 410.074 GC heap before
{Heap before GC invocations=139 (full 9):
 PSYoungGen      total 27648K, used 27639K [0x00000000eab00000, 0x00000000ed500000, 0x0000000100000000)
  eden space 22528K, 100% used [0x00000000eab00000,0x00000000ec100000,0x00000000ec100000)
  from space 5120K, 99% used [0x00000000ec100000,0x00000000ec5fdf40,0x00000000ec600000)
  to   space 9216K, 0% used [0x00000000ecc00000,0x00000000ecc00000,0x00000000ed500000)
 ParOldGen       total 267264K, used 218067K [0x00000000c0000000, 0x00000000d0500000, 0x00000000eab00000)
  object space 267264K, 81% used [0x00000000c0000000,0x00000000cd4f4ce0,0x00000000d0500000)
 Metaspace       used 74774K, committed 75776K, reserved 1179648K
  class space    used 7839K, committed 8256K, reserved 1048576K
}
Event: 410.083 GC heap after
{Heap after GC invocations=139 (full 9):
 PSYoungGen      total 30720K, used 5826K [0x00000000eab00000, 0x00000000ed200000, 0x0000000100000000)
  eden space 24576K, 0% used [0x00000000eab00000,0x00000000eab00000,0x00000000ec300000)
  from space 6144K, 94% used [0x00000000ecc00000,0x00000000ed1b0a90,0x00000000ed200000)
  to   space 7168K, 0% used [0x00000000ec400000,0x00000000ec400000,0x00000000ecb00000)
 ParOldGen       total 267264K, used 220841K [0x00000000c0000000, 0x00000000d0500000, 0x00000000eab00000)
  object space 267264K, 82% used [0x00000000c0000000,0x00000000cd7aa788,0x00000000d0500000)
 Metaspace       used 74774K, committed 75776K, reserved 1179648K
  class space    used 7839K, committed 8256K, reserved 1048576K
}
Event: 410.143 GC heap before
{Heap before GC invocations=140 (full 9):
 PSYoungGen      total 30720K, used 30402K [0x00000000eab00000, 0x00000000ed200000, 0x0000000100000000)
  eden space 24576K, 100% used [0x00000000eab00000,0x00000000ec300000,0x00000000ec300000)
  from space 6144K, 94% used [0x00000000ecc00000,0x00000000ed1b0a90,0x00000000ed200000)
  to   space 7168K, 0% used [0x00000000ec400000,0x00000000ec400000,0x00000000ecb00000)
 ParOldGen       total 267264K, used 220841K [0x00000000c0000000, 0x00000000d0500000, 0x00000000eab00000)
  object space 267264K, 82% used [0x00000000c0000000,0x00000000cd7aa788,0x00000000d0500000)
 Metaspace       used 75630K, committed 76608K, reserved 1179648K
  class space    used 7958K, committed 8384K, reserved 1048576K
}
Event: 410.151 GC heap after
{Heap after GC invocations=140 (full 9):
 PSYoungGen      total 32768K, used 7147K [0x00000000eab00000, 0x00000000edb80000, 0x0000000100000000)
  eden space 25600K, 0% used [0x00000000eab00000,0x00000000eab00000,0x00000000ec400000)
  from space 7168K, 99% used [0x00000000ec400000,0x00000000ecafae28,0x00000000ecb00000)
  to   space 11264K, 0% used [0x00000000ed080000,0x00000000ed080000,0x00000000edb80000)
 ParOldGen       total 267264K, used 223800K [0x00000000c0000000, 0x00000000d0500000, 0x00000000eab00000)
  object space 267264K, 83% used [0x00000000c0000000,0x00000000cda8e378,0x00000000d0500000)
 Metaspace       used 75630K, committed 76608K, reserved 1179648K
  class space    used 7958K, committed 8384K, reserved 1048576K
}
Event: 410.239 GC heap before
{Heap before GC invocations=141 (full 9):
 PSYoungGen      total 32768K, used 32747K [0x00000000eab00000, 0x00000000edb80000, 0x0000000100000000)
  eden space 25600K, 100% used [0x00000000eab00000,0x00000000ec400000,0x00000000ec400000)
  from space 7168K, 99% used [0x00000000ec400000,0x00000000ecafae28,0x00000000ecb00000)
  to   space 11264K, 0% used [0x00000000ed080000,0x00000000ed080000,0x00000000edb80000)
 ParOldGen       total 267264K, used 223800K [0x00000000c0000000, 0x00000000d0500000, 0x00000000eab00000)
  object space 267264K, 83% used [0x00000000c0000000,0x00000000cda8e378,0x00000000d0500000)
 Metaspace       used 75816K, committed 76736K, reserved 1179648K
  class space    used 7980K, committed 8384K, reserved 1048576K
}
Event: 410.247 GC heap after
{Heap after GC invocations=141 (full 9):
 PSYoungGen      total 36352K, used 7772K [0x00000000eab00000, 0x00000000ed880000, 0x0000000100000000)
  eden space 28160K, 0% used [0x00000000eab00000,0x00000000eab00000,0x00000000ec680000)
  from space 8192K, 94% used [0x00000000ed080000,0x00000000ed817138,0x00000000ed880000)
  to   space 8704K, 0% used [0x00000000ec780000,0x00000000ec780000,0x00000000ed000000)
 ParOldGen       total 267264K, used 227997K [0x00000000c0000000, 0x00000000d0500000, 0x00000000eab00000)
  object space 267264K, 85% used [0x00000000c0000000,0x00000000cdea7650,0x00000000d0500000)
 Metaspace       used 75816K, committed 76736K, reserved 1179648K
  class space    used 7980K, committed 8384K, reserved 1048576K
}
Event: 410.348 GC heap before
{Heap before GC invocations=142 (full 9):
 PSYoungGen      total 36352K, used 35932K [0x00000000eab00000, 0x00000000ed880000, 0x0000000100000000)
  eden space 28160K, 100% used [0x00000000eab00000,0x00000000ec680000,0x00000000ec680000)
  from space 8192K, 94% used [0x00000000ed080000,0x00000000ed817138,0x00000000ed880000)
  to   space 8704K, 0% used [0x00000000ec780000,0x00000000ec780000,0x00000000ed000000)
 ParOldGen       total 267264K, used 227997K [0x00000000c0000000, 0x00000000d0500000, 0x00000000eab00000)
  object space 267264K, 85% used [0x00000000c0000000,0x00000000cdea7650,0x00000000d0500000)
 Metaspace       used 75816K, committed 76736K, reserved 1179648K
  class space    used 7980K, committed 8384K, reserved 1048576K
}
Event: 410.357 GC heap after
{Heap after GC invocations=142 (full 9):
 PSYoungGen      total 37888K, used 8703K [0x00000000eab00000, 0x00000000ee700000, 0x0000000100000000)
  eden space 29184K, 0% used [0x00000000eab00000,0x00000000eab00000,0x00000000ec780000)
  from space 8704K, 99% used [0x00000000ec780000,0x00000000ecfffd78,0x00000000ed000000)
  to   space 15360K, 0% used [0x00000000ed800000,0x00000000ed800000,0x00000000ee700000)
 ParOldGen       total 267264K, used 233234K [0x00000000c0000000, 0x00000000d0500000, 0x00000000eab00000)
  object space 267264K, 87% used [0x00000000c0000000,0x00000000ce3c4870,0x00000000d0500000)
 Metaspace       used 75816K, committed 76736K, reserved 1179648K
  class space    used 7980K, committed 8384K, reserved 1048576K
}
Event: 410.454 GC heap before
{Heap before GC invocations=143 (full 9):
 PSYoungGen      total 37888K, used 37887K [0x00000000eab00000, 0x00000000ee700000, 0x0000000100000000)
  eden space 29184K, 100% used [0x00000000eab00000,0x00000000ec780000,0x00000000ec780000)
  from space 8704K, 99% used [0x00000000ec780000,0x00000000ecfffd78,0x00000000ed000000)
  to   space 15360K, 0% used [0x00000000ed800000,0x00000000ed800000,0x00000000ee700000)
 ParOldGen       total 267264K, used 233234K [0x00000000c0000000, 0x00000000d0500000, 0x00000000eab00000)
  object space 267264K, 87% used [0x00000000c0000000,0x00000000ce3c4870,0x00000000d0500000)
 Metaspace       used 75816K, committed 76736K, reserved 1179648K
  class space    used 7980K, committed 8384K, reserved 1048576K
}
Event: 410.464 GC heap after
{Heap after GC invocations=143 (full 9):
 PSYoungGen      total 41984K, used 9765K [0x00000000eab00000, 0x00000000ee200000, 0x0000000100000000)
  eden space 31744K, 0% used [0x00000000eab00000,0x00000000eab00000,0x00000000eca00000)
  from space 10240K, 95% used [0x00000000ed800000,0x00000000ee189468,0x00000000ee200000)
  to   space 11264K, 0% used [0x00000000ecc00000,0x00000000ecc00000,0x00000000ed700000)
 ParOldGen       total 267264K, used 238306K [0x00000000c0000000, 0x00000000d0500000, 0x00000000eab00000)
  object space 267264K, 89% used [0x00000000c0000000,0x00000000ce8b8a78,0x00000000d0500000)
 Metaspace       used 75816K, committed 76736K, reserved 1179648K
  class space    used 7980K, committed 8384K, reserved 1048576K
}
Event: 410.582 GC heap before
{Heap before GC invocations=144 (full 9):
 PSYoungGen      total 41984K, used 41509K [0x00000000eab00000, 0x00000000ee200000, 0x0000000100000000)
  eden space 31744K, 100% used [0x00000000eab00000,0x00000000eca00000,0x00000000eca00000)
  from space 10240K, 95% used [0x00000000ed800000,0x00000000ee189468,0x00000000ee200000)
  to   space 11264K, 0% used [0x00000000ecc00000,0x00000000ecc00000,0x00000000ed700000)
 ParOldGen       total 267264K, used 238306K [0x00000000c0000000, 0x00000000d0500000, 0x00000000eab00000)
  object space 267264K, 89% used [0x00000000c0000000,0x00000000ce8b8a78,0x00000000d0500000)
 Metaspace       used 75816K, committed 76736K, reserved 1179648K
  class space    used 7980K, committed 8384K, reserved 1048576K
}
Event: 410.593 GC heap after
{Heap after GC invocations=144 (full 9):
 PSYoungGen      total 45056K, used 11241K [0x00000000eab00000, 0x00000000ef100000, 0x0000000100000000)
  eden space 33792K, 0% used [0x00000000eab00000,0x00000000eab00000,0x00000000ecc00000)
  from space 11264K, 99% used [0x00000000ecc00000,0x00000000ed6fa760,0x00000000ed700000)
  to   space 18432K, 0% used [0x00000000edf00000,0x00000000edf00000,0x00000000ef100000)
 ParOldGen       total 267264K, used 243760K [0x00000000c0000000, 0x00000000d0500000, 0x00000000eab00000)
  object space 267264K, 91% used [0x00000000c0000000,0x00000000cee0c1f0,0x00000000d0500000)
 Metaspace       used 75816K, committed 76736K, reserved 1179648K
  class space    used 7980K, committed 8384K, reserved 1048576K
}
Event: 410.725 GC heap before
{Heap before GC invocations=145 (full 9):
 PSYoungGen      total 45056K, used 45033K [0x00000000eab00000, 0x00000000ef100000, 0x0000000100000000)
  eden space 33792K, 100% used [0x00000000eab00000,0x00000000ecc00000,0x00000000ecc00000)
  from space 11264K, 99% used [0x00000000ecc00000,0x00000000ed6fa760,0x00000000ed700000)
  to   space 18432K, 0% used [0x00000000edf00000,0x00000000edf00000,0x00000000ef100000)
 ParOldGen       total 267264K, used 243760K [0x00000000c0000000, 0x00000000d0500000, 0x00000000eab00000)
  object space 267264K, 91% used [0x00000000c0000000,0x00000000cee0c1f0,0x00000000d0500000)
 Metaspace       used 75817K, committed 76736K, reserved 1179648K
  class space    used 7980K, committed 8384K, reserved 1048576K
}
Event: 410.737 GC heap after
{Heap after GC invocations=145 (full 9):
 PSYoungGen      total 50176K, used 12807K [0x00000000eab00000, 0x00000000eec00000, 0x0000000100000000)
  eden space 36864K, 0% used [0x00000000eab00000,0x00000000eab00000,0x00000000ecf00000)
  from space 13312K, 96% used [0x00000000edf00000,0x00000000eeb81d10,0x00000000eec00000)
  to   space 14336K, 0% used [0x00000000ed000000,0x00000000ed000000,0x00000000ede00000)
 ParOldGen       total 267264K, used 250816K [0x00000000c0000000, 0x00000000d0500000, 0x00000000eab00000)
  object space 267264K, 93% used [0x00000000c0000000,0x00000000cf4f0090,0x00000000d0500000)
 Metaspace       used 75817K, committed 76736K, reserved 1179648K
  class space    used 7980K, committed 8384K, reserved 1048576K
}
Event: 410.822 GC heap before
{Heap before GC invocations=146 (full 9):
 PSYoungGen      total 50176K, used 49603K [0x00000000eab00000, 0x00000000eec00000, 0x0000000100000000)
  eden space 36864K, 99% used [0x00000000eab00000,0x00000000eceef208,0x00000000ecf00000)
  from space 13312K, 96% used [0x00000000edf00000,0x00000000eeb81d10,0x00000000eec00000)
  to   space 14336K, 0% used [0x00000000ed000000,0x00000000ed000000,0x00000000ede00000)
 ParOldGen       total 267264K, used 250816K [0x00000000c0000000, 0x00000000d0500000, 0x00000000eab00000)
  object space 267264K, 93% used [0x00000000c0000000,0x00000000cf4f0090,0x00000000d0500000)
 Metaspace       used 75817K, committed 76736K, reserved 1179648K
  class space    used 7980K, committed 8384K, reserved 1048576K
}
Event: 410.835 GC heap after
{Heap after GC invocations=146 (full 9):
 PSYoungGen      total 52224K, used 14332K [0x00000000eab00000, 0x00000000f0780000, 0x0000000100000000)
  eden space 37888K, 0% used [0x00000000eab00000,0x00000000eab00000,0x00000000ed000000)
  from space 14336K, 99% used [0x00000000ed000000,0x00000000eddff230,0x00000000ede00000)
  to   space 27136K, 0% used [0x00000000eed00000,0x00000000eed00000,0x00000000f0780000)
 ParOldGen       total 267264K, used 261174K [0x00000000c0000000, 0x00000000d0500000, 0x00000000eab00000)
  object space 267264K, 97% used [0x00000000c0000000,0x00000000cff0d8b8,0x00000000d0500000)
 Metaspace       used 75817K, committed 76736K, reserved 1179648K
  class space    used 7980K, committed 8384K, reserved 1048576K
}
Event: 410.835 GC heap before
{Heap before GC invocations=147 (full 10):
 PSYoungGen      total 52224K, used 14332K [0x00000000eab00000, 0x00000000f0780000, 0x0000000100000000)
  eden space 37888K, 0% used [0x00000000eab00000,0x00000000eab00000,0x00000000ed000000)
  from space 14336K, 99% used [0x00000000ed000000,0x00000000eddff230,0x00000000ede00000)
  to   space 27136K, 0% used [0x00000000eed00000,0x00000000eed00000,0x00000000f0780000)
 ParOldGen       total 267264K, used 261174K [0x00000000c0000000, 0x00000000d0500000, 0x00000000eab00000)
  object space 267264K, 97% used [0x00000000c0000000,0x00000000cff0d8b8,0x00000000d0500000)
 Metaspace       used 75817K, committed 76736K, reserved 1179648K
  class space    used 7980K, committed 8384K, reserved 1048576K
}

