# JRE version: OpenJDK Runtime Environment Temurin-17.0.6+10 (17.0.6+10) (build 17.0.6+10)
# Java VM: OpenJDK 64-Bit Server VM Temurin-17.0.6+10 (17.0.6+10, mixed mode, tiered, compressed oops, compressed class ptrs, parallel gc, windows-amd64)
GC Precious Log:
 CPUs: 6 total, 6 available
 Memory: 7579M
 Large Page Support: Disabled
 NUMA Support: Disabled
 Compressed Oops: Enabled (32-bit)
 Alignments: Space 512K, Generation 512K, Heap 2M
 Heap Min Capacity: 100M
 Heap Initial Capacity: 100M
 Heap Max Capacity: 1G
 Pre-touch: Disabled
 Parallel Workers: 6
Heap:
 PSYoungGen      total 7680K, used 2540K [0x00000000eab00000, 0x00000000ebb80000, 0x0000000100000000)
  eden space 5120K, 0% used [0x00000000eab00000,0x00000000eab00000,0x00000000eb000000)
  from space 2560K, 99% used [0x00000000eb500000,0x00000000eb77b0b0,0x00000000eb780000)
  to   space 5120K, 0% used [0x00000000eb000000,0x00000000eb000000,0x00000000eb500000)
 ParOldGen       total 107008K, used 106994K [0x00000000c0000000, 0x00000000c6880000, 0x00000000eab00000)
  object space 107008K, 99% used [0x00000000c0000000,0x00000000c687c8d8,0x00000000c6880000)
 Metaspace       used 76147K, committed 77184K, reserved 1122304K
  class space    used 7471K, committed 7872K, reserved 1048576K
GC Heap History (20 events):
Event: 970.711 GC heap after
{Heap after GC invocations=2256 (full 63):
 PSYoungGen      total 13312K, used 5112K [0x00000000eab00000, 0x00000000ebf00000, 0x0000000100000000)
  eden space 8192K, 0% used [0x00000000eab00000,0x00000000eab00000,0x00000000eb300000)
  from space 5120K, 99% used [0x00000000eb400000,0x00000000eb8fe370,0x00000000eb900000)
  to   space 6144K, 0% used [0x00000000eb900000,0x00000000eb900000,0x00000000ebf00000)
 ParOldGen       total 106496K, used 101025K [0x00000000c0000000, 0x00000000c6800000, 0x00000000eab00000)
  object space 106496K, 94% used [0x00000000c0000000,0x00000000c62a8508,0x00000000c6800000)
 Metaspace       used 76142K, committed 77184K, reserved 1122304K
  class space    used 7471K, committed 7872K, reserved 1048576K
}
Event: 970.746 GC heap before
{Heap before GC invocations=2257 (full 63):
 PSYoungGen      total 13312K, used 13304K [0x00000000eab00000, 0x00000000ebf00000, 0x0000000100000000)
  eden space 8192K, 100% used [0x00000000eab00000,0x00000000eb300000,0x00000000eb300000)
  from space 5120K, 99% used [0x00000000eb400000,0x00000000eb8fe370,0x00000000eb900000)
  to   space 6144K, 0% used [0x00000000eb900000,0x00000000eb900000,0x00000000ebf00000)
 ParOldGen       total 106496K, used 101025K [0x00000000c0000000, 0x00000000c6800000, 0x00000000eab00000)
  object space 106496K, 94% used [0x00000000c0000000,0x00000000c62a8508,0x00000000c6800000)
 Metaspace       used 76142K, committed 77184K, reserved 1122304K
  class space    used 7471K, committed 7872K, reserved 1048576K
}
Event: 970.755 GC heap after
{Heap after GC invocations=2257 (full 63):
 PSYoungGen      total 12800K, used 6138K [0x00000000eab00000, 0x00000000ec200000, 0x0000000100000000)
  eden space 6656K, 0% used [0x00000000eab00000,0x00000000eab00000,0x00000000eb180000)
  from space 6144K, 99% used [0x00000000eb900000,0x00000000ebefeb20,0x00000000ebf00000)
  to   space 7680K, 0% used [0x00000000eb180000,0x00000000eb180000,0x00000000eb900000)
 ParOldGen       total 106496K, used 102096K [0x00000000c0000000, 0x00000000c6800000, 0x00000000eab00000)
  object space 106496K, 95% used [0x00000000c0000000,0x00000000c63b4208,0x00000000c6800000)
 Metaspace       used 76142K, committed 77184K, reserved 1122304K
  class space    used 7471K, committed 7872K, reserved 1048576K
}
Event: 971.464 GC heap before
{Heap before GC invocations=2258 (full 63):
 PSYoungGen      total 12800K, used 12794K [0x00000000eab00000, 0x00000000ec200000, 0x0000000100000000)
  eden space 6656K, 100% used [0x00000000eab00000,0x00000000eb180000,0x00000000eb180000)
  from space 6144K, 99% used [0x00000000eb900000,0x00000000ebefeb20,0x00000000ebf00000)
  to   space 7680K, 0% used [0x00000000eb180000,0x00000000eb180000,0x00000000eb900000)
 ParOldGen       total 106496K, used 102096K [0x00000000c0000000, 0x00000000c6800000, 0x00000000eab00000)
  object space 106496K, 95% used [0x00000000c0000000,0x00000000c63b4208,0x00000000c6800000)
 Metaspace       used 76143K, committed 77184K, reserved 1122304K
  class space    used 7471K, committed 7872K, reserved 1048576K
}
Event: 971.468 GC heap after
{Heap after GC invocations=2258 (full 63):
 PSYoungGen      total 9728K, used 3040K [0x00000000eab00000, 0x00000000eba80000, 0x0000000100000000)
  eden space 6656K, 0% used [0x00000000eab00000,0x00000000eab00000,0x00000000eb180000)
  from space 3072K, 98% used [0x00000000eb180000,0x00000000eb478020,0x00000000eb480000)
  to   space 4608K, 0% used [0x00000000eb600000,0x00000000eb600000,0x00000000eba80000)
 ParOldGen       total 106496K, used 102922K [0x00000000c0000000, 0x00000000c6800000, 0x00000000eab00000)
  object space 106496K, 96% used [0x00000000c0000000,0x00000000c6482b38,0x00000000c6800000)
 Metaspace       used 76143K, committed 77184K, reserved 1122304K
  class space    used 7471K, committed 7872K, reserved 1048576K
}
Event: 971.952 GC heap before
{Heap before GC invocations=2259 (full 63):
 PSYoungGen      total 9728K, used 9696K [0x00000000eab00000, 0x00000000eba80000, 0x0000000100000000)
  eden space 6656K, 99% used [0x00000000eab00000,0x00000000eb17fff0,0x00000000eb180000)
  from space 3072K, 98% used [0x00000000eb180000,0x00000000eb478020,0x00000000eb480000)
  to   space 4608K, 0% used [0x00000000eb600000,0x00000000eb600000,0x00000000eba80000)
 ParOldGen       total 106496K, used 102922K [0x00000000c0000000, 0x00000000c6800000, 0x00000000eab00000)
  object space 106496K, 96% used [0x00000000c0000000,0x00000000c6482b38,0x00000000c6800000)
 Metaspace       used 76145K, committed 77184K, reserved 1122304K
  class space    used 7471K, committed 7872K, reserved 1048576K
}
Event: 971.957 GC heap after
{Heap after GC invocations=2259 (full 63):
 PSYoungGen      total 10752K, used 3728K [0x00000000eab00000, 0x00000000eba00000, 0x0000000100000000)
  eden space 6656K, 0% used [0x00000000eab00000,0x00000000eab00000,0x00000000eb180000)
  from space 4096K, 91% used [0x00000000eb600000,0x00000000eb9a4010,0x00000000eba00000)
  to   space 4096K, 0% used [0x00000000eb200000,0x00000000eb200000,0x00000000eb600000)
 ParOldGen       total 106496K, used 102922K [0x00000000c0000000, 0x00000000c6800000, 0x00000000eab00000)
  object space 106496K, 96% used [0x00000000c0000000,0x00000000c6482b38,0x00000000c6800000)
 Metaspace       used 76145K, committed 77184K, reserved 1122304K
  class space    used 7471K, committed 7872K, reserved 1048576K
}
Event: 972.503 GC heap before
{Heap before GC invocations=2260 (full 63):
 PSYoungGen      total 10752K, used 10384K [0x00000000eab00000, 0x00000000eba00000, 0x0000000100000000)
  eden space 6656K, 100% used [0x00000000eab00000,0x00000000eb180000,0x00000000eb180000)
  from space 4096K, 91% used [0x00000000eb600000,0x00000000eb9a4010,0x00000000eba00000)
  to   space 4096K, 0% used [0x00000000eb200000,0x00000000eb200000,0x00000000eb600000)
 ParOldGen       total 106496K, used 102922K [0x00000000c0000000, 0x00000000c6800000, 0x00000000eab00000)
  object space 106496K, 96% used [0x00000000c0000000,0x00000000c6482b38,0x00000000c6800000)
 Metaspace       used 76145K, committed 77184K, reserved 1122304K
  class space    used 7471K, committed 7872K, reserved 1048576K
}
Event: 972.509 GC heap after
{Heap after GC invocations=2260 (full 63):
 PSYoungGen      total 9728K, used 2896K [0x00000000eab00000, 0x00000000eb880000, 0x0000000100000000)
  eden space 6656K, 0% used [0x00000000eab00000,0x00000000eab00000,0x00000000eb180000)
  from space 3072K, 94% used [0x00000000eb200000,0x00000000eb4d4010,0x00000000eb500000)
  to   space 3584K, 0% used [0x00000000eb500000,0x00000000eb500000,0x00000000eb880000)
 ParOldGen       total 106496K, used 102922K [0x00000000c0000000, 0x00000000c6800000, 0x00000000eab00000)
  object space 106496K, 96% used [0x00000000c0000000,0x00000000c6482b38,0x00000000c6800000)
 Metaspace       used 76145K, committed 77184K, reserved 1122304K
  class space    used 7471K, committed 7872K, reserved 1048576K
}
Event: 972.655 GC heap before
{Heap before GC invocations=2261 (full 63):
 PSYoungGen      total 9728K, used 9551K [0x00000000eab00000, 0x00000000eb880000, 0x0000000100000000)
  eden space 6656K, 99% used [0x00000000eab00000,0x00000000eb17ffe0,0x00000000eb180000)
  from space 3072K, 94% used [0x00000000eb200000,0x00000000eb4d4010,0x00000000eb500000)
  to   space 3584K, 0% used [0x00000000eb500000,0x00000000eb500000,0x00000000eb880000)
 ParOldGen       total 106496K, used 102922K [0x00000000c0000000, 0x00000000c6800000, 0x00000000eab00000)
  object space 106496K, 96% used [0x00000000c0000000,0x00000000c6482b38,0x00000000c6800000)
 Metaspace       used 76145K, committed 77184K, reserved 1122304K
  class space    used 7471K, committed 7872K, reserved 1048576K
}
Event: 972.660 GC heap after
{Heap after GC invocations=2261 (full 63):
 PSYoungGen      total 10240K, used 3184K [0x00000000eab00000, 0x00000000eb880000, 0x0000000100000000)
  eden space 6656K, 0% used [0x00000000eab00000,0x00000000eab00000,0x00000000eb180000)
  from space 3584K, 88% used [0x00000000eb500000,0x00000000eb81c010,0x00000000eb880000)
  to   space 3584K, 0% used [0x00000000eb180000,0x00000000eb180000,0x00000000eb500000)
 ParOldGen       total 106496K, used 103098K [0x00000000c0000000, 0x00000000c6800000, 0x00000000eab00000)
  object space 106496K, 96% used [0x00000000c0000000,0x00000000c64aeb38,0x00000000c6800000)
 Metaspace       used 76145K, committed 77184K, reserved 1122304K
  class space    used 7471K, committed 7872K, reserved 1048576K
}
Event: 973.223 GC heap before
{Heap before GC invocations=2262 (full 63):
 PSYoungGen      total 10240K, used 9840K [0x00000000eab00000, 0x00000000eb880000, 0x0000000100000000)
  eden space 6656K, 100% used [0x00000000eab00000,0x00000000eb180000,0x00000000eb180000)
  from space 3584K, 88% used [0x00000000eb500000,0x00000000eb81c010,0x00000000eb880000)
  to   space 3584K, 0% used [0x00000000eb180000,0x00000000eb180000,0x00000000eb500000)
 ParOldGen       total 106496K, used 103098K [0x00000000c0000000, 0x00000000c6800000, 0x00000000eab00000)
  object space 106496K, 96% used [0x00000000c0000000,0x00000000c64aeb38,0x00000000c6800000)
 Metaspace       used 76147K, committed 77184K, reserved 1122304K
  class space    used 7471K, committed 7872K, reserved 1048576K
}
Event: 973.228 GC heap after
{Heap after GC invocations=2262 (full 63):
 PSYoungGen      total 10240K, used 3553K [0x00000000eab00000, 0x00000000ebc80000, 0x0000000100000000)
  eden space 6656K, 0% used [0x00000000eab00000,0x00000000eab00000,0x00000000eb180000)
  from space 3584K, 99% used [0x00000000eb180000,0x00000000eb4f8690,0x00000000eb500000)
  to   space 5632K, 0% used [0x00000000eb700000,0x00000000eb700000,0x00000000ebc80000)
 ParOldGen       total 106496K, used 104407K [0x00000000c0000000, 0x00000000c6800000, 0x00000000eab00000)
  object space 106496K, 98% used [0x00000000c0000000,0x00000000c65f5fb8,0x00000000c6800000)
 Metaspace       used 76147K, committed 77184K, reserved 1122304K
  class space    used 7471K, committed 7872K, reserved 1048576K
}
Event: 973.258 GC heap before
{Heap before GC invocations=2263 (full 63):
 PSYoungGen      total 10240K, used 10209K [0x00000000eab00000, 0x00000000ebc80000, 0x0000000100000000)
  eden space 6656K, 100% used [0x00000000eab00000,0x00000000eb180000,0x00000000eb180000)
  from space 3584K, 99% used [0x00000000eb180000,0x00000000eb4f8690,0x00000000eb500000)
  to   space 5632K, 0% used [0x00000000eb700000,0x00000000eb700000,0x00000000ebc80000)
 ParOldGen       total 106496K, used 104407K [0x00000000c0000000, 0x00000000c6800000, 0x00000000eab00000)
  object space 106496K, 98% used [0x00000000c0000000,0x00000000c65f5fb8,0x00000000c6800000)
 Metaspace       used 76147K, committed 77184K, reserved 1122304K
  class space    used 7471K, committed 7872K, reserved 1048576K
}
Event: 973.260 GC heap after
{Heap after GC invocations=2263 (full 63):
 PSYoungGen      total 10240K, used 3114K [0x00000000eab00000, 0x00000000eba80000, 0x0000000100000000)
  eden space 6656K, 0% used [0x00000000eab00000,0x00000000eab00000,0x00000000eb180000)
  from space 3584K, 86% used [0x00000000eb700000,0x00000000eba0ab10,0x00000000eba80000)
  to   space 4096K, 0% used [0x00000000eb280000,0x00000000eb280000,0x00000000eb680000)
 ParOldGen       total 106496K, used 105013K [0x00000000c0000000, 0x00000000c6800000, 0x00000000eab00000)
  object space 106496K, 98% used [0x00000000c0000000,0x00000000c668d458,0x00000000c6800000)
 Metaspace       used 76147K, committed 77184K, reserved 1122304K
  class space    used 7471K, committed 7872K, reserved 1048576K
}
Event: 973.413 GC heap before
{Heap before GC invocations=2264 (full 63):
 PSYoungGen      total 10240K, used 9770K [0x00000000eab00000, 0x00000000eba80000, 0x0000000100000000)
  eden space 6656K, 100% used [0x00000000eab00000,0x00000000eb180000,0x00000000eb180000)
  from space 3584K, 86% used [0x00000000eb700000,0x00000000eba0ab10,0x00000000eba80000)
  to   space 4096K, 0% used [0x00000000eb280000,0x00000000eb280000,0x00000000eb680000)
 ParOldGen       total 106496K, used 105013K [0x00000000c0000000, 0x00000000c6800000, 0x00000000eab00000)
  object space 106496K, 98% used [0x00000000c0000000,0x00000000c668d458,0x00000000c6800000)
 Metaspace       used 76147K, committed 77184K, reserved 1122304K
  class space    used 7471K, committed 7872K, reserved 1048576K
}
Event: 973.416 GC heap after
{Heap after GC invocations=2264 (full 63):
 PSYoungGen      total 9216K, used 2310K [0x00000000eab00000, 0x00000000eb780000, 0x0000000100000000)
  eden space 6656K, 0% used [0x00000000eab00000,0x00000000eab00000,0x00000000eb180000)
  from space 2560K, 90% used [0x00000000eb280000,0x00000000eb4c1a48,0x00000000eb500000)
  to   space 2560K, 0% used [0x00000000eb500000,0x00000000eb500000,0x00000000eb780000)
 ParOldGen       total 106496K, used 105013K [0x00000000c0000000, 0x00000000c6800000, 0x00000000eab00000)
  object space 106496K, 98% used [0x00000000c0000000,0x00000000c668d458,0x00000000c6800000)
 Metaspace       used 76147K, committed 77184K, reserved 1122304K
  class space    used 7471K, committed 7872K, reserved 1048576K
}
Event: 973.445 GC heap before
{Heap before GC invocations=2265 (full 63):
 PSYoungGen      total 9216K, used 8966K [0x00000000eab00000, 0x00000000eb780000, 0x0000000100000000)
  eden space 6656K, 100% used [0x00000000eab00000,0x00000000eb180000,0x00000000eb180000)
  from space 2560K, 90% used [0x00000000eb280000,0x00000000eb4c1a48,0x00000000eb500000)
  to   space 2560K, 0% used [0x00000000eb500000,0x00000000eb500000,0x00000000eb780000)
 ParOldGen       total 106496K, used 105013K [0x00000000c0000000, 0x00000000c6800000, 0x00000000eab00000)
  object space 106496K, 98% used [0x00000000c0000000,0x00000000c668d458,0x00000000c6800000)
 Metaspace       used 76147K, committed 77184K, reserved 1122304K
  class space    used 7471K, committed 7872K, reserved 1048576K
}
Event: 973.448 GC heap after
{Heap after GC invocations=2265 (full 63):
 PSYoungGen      total 7680K, used 2540K [0x00000000eab00000, 0x00000000ebb80000, 0x0000000100000000)
  eden space 5120K, 0% used [0x00000000eab00000,0x00000000eab00000,0x00000000eb000000)
  from space 2560K, 99% used [0x00000000eb500000,0x00000000eb77b0b0,0x00000000eb780000)
  to   space 5120K, 0% used [0x00000000eb000000,0x00000000eb000000,0x00000000eb500000)
 ParOldGen       total 107008K, used 106994K [0x00000000c0000000, 0x00000000c6880000, 0x00000000eab00000)
  object space 107008K, 99% used [0x00000000c0000000,0x00000000c687c8d8,0x00000000c6880000)
 Metaspace       used 76147K, committed 77184K, reserved 1122304K
  class space    used 7471K, committed 7872K, reserved 1048576K
}
Event: 973.448 GC heap before
{Heap before GC invocations=2266 (full 64):
 PSYoungGen      total 7680K, used 2540K [0x00000000eab00000, 0x00000000ebb80000, 0x0000000100000000)
  eden space 5120K, 0% used [0x00000000eab00000,0x00000000eab00000,0x00000000eb000000)
  from space 2560K, 99% used [0x00000000eb500000,0x00000000eb77b0b0,0x00000000eb780000)
  to   space 5120K, 0% used [0x00000000eb000000,0x00000000eb000000,0x00000000eb500000)
 ParOldGen       total 107008K, used 106994K [0x00000000c0000000, 0x00000000c6880000, 0x00000000eab00000)
  object space 107008K, 99% used [0x00000000c0000000,0x00000000c687c8d8,0x00000000c6880000)
 Metaspace       used 76147K, committed 77184K, reserved 1122304K
  class space    used 7471K, committed 7872K, reserved 1048576K
}

